2025-06-11T10:17:02.827+05:30  INFO 23984 --- [main] c.g.a.AddressBookAppApplication          : Starting AddressBookAppApplication using Java 17.0.15 with PID 23984 (C:\Users\disha\IdeaProjects\addressbook-app\target\classes started by disha in C:\Users\disha\IdeaProjects\addressbook-app)
2025-06-11T10:17:02.847+05:30 DEBUG 23984 --- [main] c.g.a.AddressBookAppApplication          : Running with Spring Boot v3.5.0, Spring v6.2.7
2025-06-11T10:17:02.851+05:30  INFO 23984 --- [main] c.g.a.AddressBookAppApplication          : No active profile set, falling back to 1 default profile: "default"
2025-06-11T10:17:04.268+05:30  INFO 23984 --- [main] .s.d.r.c.RepositoryConfigurationDelegate : Bootstrapping Spring Data JPA repositories in DEFAULT mode.
2025-06-11T10:17:04.389+05:30  INFO 23984 --- [main] .s.d.r.c.RepositoryConfigurationDelegate : Finished Spring Data repository scanning in 102 ms. Found 2 JPA repository interfaces.
2025-06-11T10:17:05.376+05:30  INFO 23984 --- [main] o.s.b.w.embedded.tomcat.TomcatWebServer  : Tomcat initialized with port 8081 (http)
2025-06-11T10:17:05.395+05:30  INFO 23984 --- [main] o.apache.catalina.core.StandardService   : Starting service [Tomcat]
2025-06-11T10:17:05.395+05:30  INFO 23984 --- [main] o.apache.catalina.core.StandardEngine    : Starting Servlet engine: [Apache Tomcat/10.1.41]
2025-06-11T10:17:05.470+05:30  INFO 23984 --- [main] o.a.c.c.C.[Tomcat].[localhost].[/]       : Initializing Spring embedded WebApplicationContext
2025-06-11T10:17:05.470+05:30  INFO 23984 --- [main] w.s.c.ServletWebServerApplicationContext : Root WebApplicationContext: initialization completed in 2491 ms
2025-06-11T10:17:05.754+05:30  INFO 23984 --- [main] o.hibernate.jpa.internal.util.LogHelper  : HHH000204: Processing PersistenceUnitInfo [name: default]
2025-06-11T10:17:05.855+05:30  INFO 23984 --- [main] org.hibernate.Version                    : HHH000412: Hibernate ORM core version 6.6.15.Final
2025-06-11T10:17:05.921+05:30  INFO 23984 --- [main] o.h.c.internal.RegionFactoryInitiator    : HHH000026: Second-level cache disabled
2025-06-11T10:17:06.458+05:30  INFO 23984 --- [main] o.s.o.j.p.SpringPersistenceUnitInfo      : No LoadTimeWeaver setup: ignoring JPA class transformer
2025-06-11T10:17:06.522+05:30  INFO 23984 --- [main] com.zaxxer.hikari.HikariDataSource       : HikariPool-1 - Starting...
2025-06-11T10:17:06.812+05:30  INFO 23984 --- [main] com.zaxxer.hikari.pool.HikariPool        : HikariPool-1 - Added connection conn0: url=jdbc:h2:mem:addressdb user=SA
2025-06-11T10:17:06.814+05:30  INFO 23984 --- [main] com.zaxxer.hikari.HikariDataSource       : HikariPool-1 - Start completed.
2025-06-11T10:17:06.844+05:30  WARN 23984 --- [main] org.hibernate.orm.deprecation            : HHH90000025: H2Dialect does not need to be specified explicitly using 'hibernate.dialect' (remove the property setting and it will be selected by default)
2025-06-11T10:17:06.878+05:30  INFO 23984 --- [main] org.hibernate.orm.connections.pooling    : HHH10001005: Database info:
	Database JDBC URL [Connecting through datasource 'HikariDataSource (HikariPool-1)']
	Database driver: undefined/unknown
	Database version: 2.3.232
	Autocommit mode: undefined/unknown
	Isolation level: undefined/unknown
	Minimum pool size: undefined/unknown
	Maximum pool size: undefined/unknown
2025-06-11T10:17:08.031+05:30  INFO 23984 --- [main] o.h.e.t.j.p.i.JtaPlatformInitiator       : HHH000489: No JTA platform available (set 'hibernate.transaction.jta.platform' to enable JTA platform integration)
2025-06-11T10:17:08.111+05:30  INFO 23984 --- [main] j.LocalContainerEntityManagerFactoryBean : Initialized JPA EntityManagerFactory for persistence unit 'default'
2025-06-11T10:17:08.614+05:30  INFO 23984 --- [main] o.s.d.j.r.query.QueryEnhancerFactory     : Hibernate is in classpath; If applicable, HQL parser will be used.
2025-06-11T10:17:08.712+05:30  WARN 23984 --- [main] JpaBaseConfiguration$JpaWebConfiguration : spring.jpa.open-in-view is enabled by default. Therefore, database queries may be performed during view rendering. Explicitly configure spring.jpa.open-in-view to disable this warning
2025-06-11T10:17:09.183+05:30  INFO 23984 --- [main] o.s.b.a.h2.H2ConsoleAutoConfiguration    : H2 console available at '/h2-console'. Database available at 'jdbc:h2:mem:addressdb'
2025-06-11T10:17:09.319+05:30  INFO 23984 --- [main] o.s.b.w.embedded.tomcat.TomcatWebServer  : Tomcat started on port 8081 (http) with context path '/'
2025-06-11T10:17:09.333+05:30  INFO 23984 --- [main] c.g.a.AddressBookAppApplication          : Started AddressBookAppApplication in 7.619 seconds (process running for 8.659)
2025-06-11T10:17:26.611+05:30  INFO 23984 --- [http-nio-8081-exec-6] o.a.c.c.C.[Tomcat].[localhost].[/]       : Initializing Spring DispatcherServlet 'dispatcherServlet'
2025-06-11T10:17:26.612+05:30  INFO 23984 --- [http-nio-8081-exec-6] o.s.web.servlet.DispatcherServlet        : Initializing Servlet 'dispatcherServlet'
2025-06-11T10:17:26.615+05:30  INFO 23984 --- [http-nio-8081-exec-6] o.s.web.servlet.DispatcherServlet        : Completed initialization in 2 ms
2025-06-11T10:20:29.016+05:30  WARN 23984 --- [http-nio-8081-exec-6] .w.s.m.s.DefaultHandlerExceptionResolver : Resolved [org.springframework.web.HttpRequestMethodNotSupportedException: Request method 'POST' is not supported]
2025-06-11T10:24:01.663+05:30  INFO 23984 --- [SpringApplicationShutdownHook] o.s.b.w.e.tomcat.GracefulShutdown        : Commencing graceful shutdown. Waiting for active requests to complete
2025-06-11T10:24:01.821+05:30  INFO 23984 --- [tomcat-shutdown] o.s.b.w.e.tomcat.GracefulShutdown        : Graceful shutdown complete
2025-06-11T10:24:01.825+05:30  INFO 23984 --- [SpringApplicationShutdownHook] j.LocalContainerEntityManagerFactoryBean : Closing JPA EntityManagerFactory for persistence unit 'default'
2025-06-11T10:24:01.829+05:30  INFO 23984 --- [SpringApplicationShutdownHook] com.zaxxer.hikari.HikariDataSource       : HikariPool-1 - Shutdown initiated...
2025-06-11T10:24:01.832+05:30  INFO 23984 --- [SpringApplicationShutdownHook] com.zaxxer.hikari.HikariDataSource       : HikariPool-1 - Shutdown completed.
2025-06-11T10:24:14.889+05:30  INFO 5592 --- [main] c.g.a.AddressBookAppApplication          : Starting AddressBookAppApplication using Java 17.0.15 with PID 5592 (C:\Users\disha\IdeaProjects\addressbook-app\target\classes started by disha in C:\Users\disha\IdeaProjects\addressbook-app)
2025-06-11T10:24:14.893+05:30 DEBUG 5592 --- [main] c.g.a.AddressBookAppApplication          : Running with Spring Boot v3.5.0, Spring v6.2.7
2025-06-11T10:24:14.895+05:30  INFO 5592 --- [main] c.g.a.AddressBookAppApplication          : No active profile set, falling back to 1 default profile: "default"
2025-06-11T10:24:16.443+05:30  INFO 5592 --- [main] .s.d.r.c.RepositoryConfigurationDelegate : Bootstrapping Spring Data JPA repositories in DEFAULT mode.
2025-06-11T10:24:16.586+05:30  INFO 5592 --- [main] .s.d.r.c.RepositoryConfigurationDelegate : Finished Spring Data repository scanning in 112 ms. Found 2 JPA repository interfaces.
2025-06-11T10:24:17.827+05:30  INFO 5592 --- [main] o.s.b.w.embedded.tomcat.TomcatWebServer  : Tomcat initialized with port 8081 (http)
2025-06-11T10:24:17.853+05:30  INFO 5592 --- [main] o.apache.catalina.core.StandardService   : Starting service [Tomcat]
2025-06-11T10:24:17.853+05:30  INFO 5592 --- [main] o.apache.catalina.core.StandardEngine    : Starting Servlet engine: [Apache Tomcat/10.1.41]
2025-06-11T10:24:17.967+05:30  INFO 5592 --- [main] o.a.c.c.C.[Tomcat].[localhost].[/]       : Initializing Spring embedded WebApplicationContext
2025-06-11T10:24:17.968+05:30  INFO 5592 --- [main] w.s.c.ServletWebServerApplicationContext : Root WebApplicationContext: initialization completed in 2975 ms
2025-06-11T10:24:18.435+05:30  INFO 5592 --- [main] o.hibernate.jpa.internal.util.LogHelper  : HHH000204: Processing PersistenceUnitInfo [name: default]
2025-06-11T10:24:18.616+05:30  INFO 5592 --- [main] org.hibernate.Version                    : HHH000412: Hibernate ORM core version 6.6.15.Final
2025-06-11T10:24:18.730+05:30  INFO 5592 --- [main] o.h.c.internal.RegionFactoryInitiator    : HHH000026: Second-level cache disabled
2025-06-11T10:24:19.445+05:30  INFO 5592 --- [main] o.s.o.j.p.SpringPersistenceUnitInfo      : No LoadTimeWeaver setup: ignoring JPA class transformer
2025-06-11T10:24:19.512+05:30  INFO 5592 --- [main] com.zaxxer.hikari.HikariDataSource       : HikariPool-1 - Starting...
2025-06-11T10:24:19.847+05:30  INFO 5592 --- [main] com.zaxxer.hikari.pool.HikariPool        : HikariPool-1 - Added connection conn0: url=jdbc:h2:mem:addressdb user=SA
2025-06-11T10:24:19.850+05:30  INFO 5592 --- [main] com.zaxxer.hikari.HikariDataSource       : HikariPool-1 - Start completed.
2025-06-11T10:24:19.886+05:30  WARN 5592 --- [main] org.hibernate.orm.deprecation            : HHH90000025: H2Dialect does not need to be specified explicitly using 'hibernate.dialect' (remove the property setting and it will be selected by default)
2025-06-11T10:24:19.929+05:30  INFO 5592 --- [main] org.hibernate.orm.connections.pooling    : HHH10001005: Database info:
	Database JDBC URL [Connecting through datasource 'HikariDataSource (HikariPool-1)']
	Database driver: undefined/unknown
	Database version: 2.3.232
	Autocommit mode: undefined/unknown
	Isolation level: undefined/unknown
	Minimum pool size: undefined/unknown
	Maximum pool size: undefined/unknown
2025-06-11T10:24:21.354+05:30  INFO 5592 --- [main] o.h.e.t.j.p.i.JtaPlatformInitiator       : HHH000489: No JTA platform available (set 'hibernate.transaction.jta.platform' to enable JTA platform integration)
2025-06-11T10:24:21.456+05:30  INFO 5592 --- [main] j.LocalContainerEntityManagerFactoryBean : Initialized JPA EntityManagerFactory for persistence unit 'default'
2025-06-11T10:24:21.925+05:30  INFO 5592 --- [main] o.s.d.j.r.query.QueryEnhancerFactory     : Hibernate is in classpath; If applicable, HQL parser will be used.
2025-06-11T10:24:22.098+05:30  WARN 5592 --- [main] JpaBaseConfiguration$JpaWebConfiguration : spring.jpa.open-in-view is enabled by default. Therefore, database queries may be performed during view rendering. Explicitly configure spring.jpa.open-in-view to disable this warning
2025-06-11T10:24:22.697+05:30  INFO 5592 --- [main] o.s.b.a.h2.H2ConsoleAutoConfiguration    : H2 console available at '/h2-console'. Database available at 'jdbc:h2:mem:addressdb'
2025-06-11T10:24:22.873+05:30  INFO 5592 --- [main] o.s.b.w.embedded.tomcat.TomcatWebServer  : Tomcat started on port 8081 (http) with context path '/'
2025-06-11T10:24:22.891+05:30  INFO 5592 --- [main] c.g.a.AddressBookAppApplication          : Started AddressBookAppApplication in 9.232 seconds (process running for 9.955)
2025-06-11T10:24:30.167+05:30  INFO 5592 --- [http-nio-8081-exec-1] o.a.c.c.C.[Tomcat].[localhost].[/]       : Initializing Spring DispatcherServlet 'dispatcherServlet'
2025-06-11T10:24:30.168+05:30  INFO 5592 --- [http-nio-8081-exec-1] o.s.web.servlet.DispatcherServlet        : Initializing Servlet 'dispatcherServlet'
2025-06-11T10:24:30.169+05:30  INFO 5592 --- [http-nio-8081-exec-1] o.s.web.servlet.DispatcherServlet        : Completed initialization in 1 ms
2025-06-11T10:31:07.674+05:30  INFO 5592 --- [SpringApplicationShutdownHook] o.s.b.w.e.tomcat.GracefulShutdown        : Commencing graceful shutdown. Waiting for active requests to complete
2025-06-11T10:31:07.865+05:30  INFO 5592 --- [tomcat-shutdown] o.s.b.w.e.tomcat.GracefulShutdown        : Graceful shutdown complete
2025-06-11T10:31:07.868+05:30  INFO 5592 --- [SpringApplicationShutdownHook] j.LocalContainerEntityManagerFactoryBean : Closing JPA EntityManagerFactory for persistence unit 'default'
2025-06-11T10:31:07.871+05:30  INFO 5592 --- [SpringApplicationShutdownHook] com.zaxxer.hikari.HikariDataSource       : HikariPool-1 - Shutdown initiated...
2025-06-11T10:31:07.874+05:30  INFO 5592 --- [SpringApplicationShutdownHook] com.zaxxer.hikari.HikariDataSource       : HikariPool-1 - Shutdown completed.
2025-06-11T14:46:09.735+05:30  INFO 27096 --- [main] c.g.a.AddressBookAppApplication          : Starting AddressBookAppApplication using Java 17.0.15 with PID 27096 (C:\Users\disha\IdeaProjects\addressbook-app\target\classes started by disha in C:\Users\disha\IdeaProjects\addressbook-app)
2025-06-11T14:46:09.741+05:30 DEBUG 27096 --- [main] c.g.a.AddressBookAppApplication          : Running with Spring Boot v3.5.0, Spring v6.2.7
2025-06-11T14:46:09.743+05:30  INFO 27096 --- [main] c.g.a.AddressBookAppApplication          : No active profile set, falling back to 1 default profile: "default"
2025-06-11T14:46:11.730+05:30  INFO 27096 --- [main] .s.d.r.c.RepositoryConfigurationDelegate : Bootstrapping Spring Data JPA repositories in DEFAULT mode.
2025-06-11T14:46:11.905+05:30  INFO 27096 --- [main] .s.d.r.c.RepositoryConfigurationDelegate : Finished Spring Data repository scanning in 144 ms. Found 2 JPA repository interfaces.
2025-06-11T14:46:13.291+05:30  INFO 27096 --- [main] o.s.b.w.embedded.tomcat.TomcatWebServer  : Tomcat initialized with port 8081 (http)
2025-06-11T14:46:13.319+05:30  INFO 27096 --- [main] o.apache.catalina.core.StandardService   : Starting service [Tomcat]
2025-06-11T14:46:13.319+05:30  INFO 27096 --- [main] o.apache.catalina.core.StandardEngine    : Starting Servlet engine: [Apache Tomcat/10.1.41]
2025-06-11T14:46:13.429+05:30  INFO 27096 --- [main] o.a.c.c.C.[Tomcat].[localhost].[/]       : Initializing Spring embedded WebApplicationContext
2025-06-11T14:46:13.430+05:30  INFO 27096 --- [main] w.s.c.ServletWebServerApplicationContext : Root WebApplicationContext: initialization completed in 3537 ms
2025-06-11T14:46:13.825+05:30  INFO 27096 --- [main] o.hibernate.jpa.internal.util.LogHelper  : HHH000204: Processing PersistenceUnitInfo [name: default]
2025-06-11T14:46:13.986+05:30  INFO 27096 --- [main] org.hibernate.Version                    : HHH000412: Hibernate ORM core version 6.6.15.Final
2025-06-11T14:46:14.094+05:30  INFO 27096 --- [main] o.h.c.internal.RegionFactoryInitiator    : HHH000026: Second-level cache disabled
2025-06-11T14:46:14.821+05:30  INFO 27096 --- [main] o.s.o.j.p.SpringPersistenceUnitInfo      : No LoadTimeWeaver setup: ignoring JPA class transformer
2025-06-11T14:46:14.900+05:30  INFO 27096 --- [main] com.zaxxer.hikari.HikariDataSource       : HikariPool-1 - Starting...
2025-06-11T14:46:15.216+05:30  INFO 27096 --- [main] com.zaxxer.hikari.pool.HikariPool        : HikariPool-1 - Added connection conn0: url=jdbc:h2:mem:addressdb user=SA
2025-06-11T14:46:15.220+05:30  INFO 27096 --- [main] com.zaxxer.hikari.HikariDataSource       : HikariPool-1 - Start completed.
2025-06-11T14:46:15.272+05:30  WARN 27096 --- [main] org.hibernate.orm.deprecation            : HHH90000025: H2Dialect does not need to be specified explicitly using 'hibernate.dialect' (remove the property setting and it will be selected by default)
2025-06-11T14:46:15.325+05:30  INFO 27096 --- [main] org.hibernate.orm.connections.pooling    : HHH10001005: Database info:
	Database JDBC URL [Connecting through datasource 'HikariDataSource (HikariPool-1)']
	Database driver: undefined/unknown
	Database version: 2.3.232
	Autocommit mode: undefined/unknown
	Isolation level: undefined/unknown
	Minimum pool size: undefined/unknown
	Maximum pool size: undefined/unknown
2025-06-11T14:46:17.741+05:30  INFO 27096 --- [main] o.h.e.t.j.p.i.JtaPlatformInitiator       : HHH000489: No JTA platform available (set 'hibernate.transaction.jta.platform' to enable JTA platform integration)
2025-06-11T14:46:17.913+05:30  INFO 27096 --- [main] j.LocalContainerEntityManagerFactoryBean : Initialized JPA EntityManagerFactory for persistence unit 'default'
2025-06-11T14:46:18.951+05:30  INFO 27096 --- [main] o.s.d.j.r.query.QueryEnhancerFactory     : Hibernate is in classpath; If applicable, HQL parser will be used.
2025-06-11T14:46:19.133+05:30  WARN 27096 --- [main] JpaBaseConfiguration$JpaWebConfiguration : spring.jpa.open-in-view is enabled by default. Therefore, database queries may be performed during view rendering. Explicitly configure spring.jpa.open-in-view to disable this warning
2025-06-11T14:46:20.208+05:30  INFO 27096 --- [main] o.s.b.a.h2.H2ConsoleAutoConfiguration    : H2 console available at '/h2-console'. Database available at 'jdbc:h2:mem:addressdb'
2025-06-11T14:46:20.502+05:30  INFO 27096 --- [main] o.s.b.w.embedded.tomcat.TomcatWebServer  : Tomcat started on port 8081 (http) with context path '/'
2025-06-11T14:46:20.537+05:30  INFO 27096 --- [main] c.g.a.AddressBookAppApplication          : Started AddressBookAppApplication in 12.106 seconds (process running for 13.279)
2025-06-11T14:46:54.000+05:30  INFO 27096 --- [http-nio-8081-exec-3] o.a.c.c.C.[Tomcat].[localhost].[/]       : Initializing Spring DispatcherServlet 'dispatcherServlet'
2025-06-11T14:46:54.000+05:30  INFO 27096 --- [http-nio-8081-exec-3] o.s.web.servlet.DispatcherServlet        : Initializing Servlet 'dispatcherServlet'
2025-06-11T14:46:54.003+05:30  INFO 27096 --- [http-nio-8081-exec-3] o.s.web.servlet.DispatcherServlet        : Completed initialization in 3 ms
2025-06-11T14:47:50.455+05:30  WARN 27096 --- [http-nio-8081-exec-4] o.h.engine.jdbc.spi.SqlExceptionHelper   : SQL Error: 23505, SQLState: 23505
2025-06-11T14:47:50.456+05:30 ERROR 27096 --- [http-nio-8081-exec-4] o.h.engine.jdbc.spi.SqlExceptionHelper   : Unique index or primary key violation: "PUBLIC.UK6DOTKOTT2KJSP8VW4D0M25FB7_INDEX_4 ON PUBLIC.USERS(EMAIL NULLS FIRST) VALUES ( /* 1 */ 'disha@example.com' )"; SQL statement:
insert into users (email,name,password,phone_number,id) values (?,?,?,?,default) [23505-232]
2025-06-11T15:08:46.024+05:30  WARN 27096 --- [http-nio-8081-exec-1] .w.s.m.s.DefaultHandlerExceptionResolver : Resolved [org.springframework.web.HttpRequestMethodNotSupportedException: Request method 'POST' is not supported]
2025-06-11T15:12:47.278+05:30  WARN 27096 --- [http-nio-8081-exec-9] o.h.engine.jdbc.spi.SqlExceptionHelper   : SQL Error: 42102, SQLState: 42S02
2025-06-11T15:12:47.279+05:30 ERROR 27096 --- [http-nio-8081-exec-9] o.h.engine.jdbc.spi.SqlExceptionHelper   : Table "ADDRESS" not found; SQL statement:
SELECT * FROM address WHERE city = ? [42102-232]
2025-06-11T15:15:33.607+05:30  INFO 27096 --- [SpringApplicationShutdownHook] o.s.b.w.e.tomcat.GracefulShutdown        : Commencing graceful shutdown. Waiting for active requests to complete
2025-06-11T15:15:34.052+05:30  INFO 27096 --- [tomcat-shutdown] o.s.b.w.e.tomcat.GracefulShutdown        : Graceful shutdown complete
2025-06-11T15:15:34.061+05:30  INFO 27096 --- [SpringApplicationShutdownHook] j.LocalContainerEntityManagerFactoryBean : Closing JPA EntityManagerFactory for persistence unit 'default'
2025-06-11T15:15:34.069+05:30  INFO 27096 --- [SpringApplicationShutdownHook] com.zaxxer.hikari.HikariDataSource       : HikariPool-1 - Shutdown initiated...
2025-06-11T15:15:34.075+05:30  INFO 27096 --- [SpringApplicationShutdownHook] com.zaxxer.hikari.HikariDataSource       : HikariPool-1 - Shutdown completed.
